<?xml version="1.0" encoding="UTF-8"?>
<testng-results skipped="0" failed="0" ignored="0" total="1" passed="1">
  <reporter-output>
  </reporter-output>
  <suite name="Command line suite" duration-ms="5566" started-at="2020-08-07T11:51:30Z" finished-at="2020-08-07T11:51:36Z">
    <groups>
    </groups>
    <test name="Command line test" duration-ms="5566" started-at="2020-08-07T11:51:30Z" finished-at="2020-08-07T11:51:36Z">
      <class name="TestCases.Test_Google">
        <test-method status="PASS" signature="beforeMethod()[pri:0, instance:TestCases.Test_Google@3fb6a447]" name="beforeMethod" is-config="true" duration-ms="5256" started-at="2020-08-07T11:51:30Z" finished-at="2020-08-07T11:51:36Z">
          <reporter-output>
          </reporter-output>
        </test-method> <!-- beforeMethod -->
        <test-method status="PASS" signature="pass1()[pri:0, instance:TestCases.Test_Google@3fb6a447]" name="pass1" duration-ms="3" started-at="2020-08-07T11:51:36Z" finished-at="2020-08-07T11:51:36Z">
          <reporter-output>
          </reporter-output>
        </test-method> <!-- pass1 -->
        <test-method status="PASS" signature="afterMethod(org.testng.ITestResult)[pri:0, instance:TestCases.Test_Google@3fb6a447]" name="afterMethod" is-config="true" duration-ms="278" started-at="2020-08-07T11:51:36Z" finished-at="2020-08-07T11:51:36Z">
          <params>
            <param index="0">
              <value>
                <![CDATA[[TestResult name=pass1 status=SUCCESS method=Test_Google.pass1()[pri:0, instance:TestCases.Test_Google@3fb6a447] output={null}]]]>
              </value>
            </param>
          </params>
          <reporter-output>
          </reporter-output>
        </test-method> <!-- afterMethod -->
      </class> <!-- TestCases.Test_Google -->
    </test> <!-- Command line test -->
  </suite> <!-- Command line suite -->
</testng-results>
